<?xml version="1.0" encoding="UTF-8"?>
<!-- Generated by org.testng.reporters.JUnitReportReporter -->
<testsuite hostname="DESKTOP-JMANE54" failures="0" tests="1" name="pack.NewTest" time="4.285" errors="0" timestamp="2022-05-22T01:50:05 EDT" skipped="0">
  <testcase classname="pack.NewTest" name="testEasy" time="4.285"/>
</testsuite> <!-- pack.NewTest -->
