<?xml version="1.0" encoding="UTF-8"?>
<!-- Generated by org.testng.reporters.JUnitReportReporter -->
<testsuite hostname="DESKTOP-JMANE54" failures="0" tests="2" name="pack.NewTest" time="6.952" errors="0" timestamp="2022-05-24T20:04:20 EDT" skipped="0">
  <testcase classname="pack.NewTest" name="testEasy" time="5.412"/>
  <testcase classname="pack.NewTest" name="testThialy" time="1.540"/>
</testsuite> <!-- pack.NewTest -->
