<?xml version="1.0" encoding="UTF-8"?>
<!-- Generated by org.testng.reporters.JUnitReportReporter -->
<testsuite hostname="DESKTOP-JMANE54" failures="0" tests="1" name="pack.NewTest" time="5.279" errors="0" timestamp="2022-05-21T21:33:22 EDT" skipped="0">
  <testcase classname="pack.NewTest" name="testEasy" time="5.279"/>
</testsuite> <!-- pack.NewTest -->
