<?xml version="1.0" encoding="UTF-8"?>
<!-- Generated by org.testng.reporters.JUnitReportReporter -->
<testsuite hostname="DESKTOP-JMANE54" failures="0" tests="2" name="pack.NewTest" time="6.772" errors="0" timestamp="2022-05-24T18:37:59 EDT" skipped="0">
  <testcase classname="pack.NewTest" name="testEasy" time="4.860"/>
  <testcase classname="pack.NewTest" name="testThialy" time="1.912"/>
</testsuite> <!-- pack.NewTest -->
